#
# There is insufficient memory for the Java Runtime Environment to continue.
# Native memory allocation (malloc) failed to allocate 2097152 bytes for AllocateHeap
# Possible reasons:
#   The system is out of physical RAM or swap space
#   The process is running with CompressedOops enabled, and the Java Heap may be blocking the growth of the native heap
# Possible solutions:
#   Reduce memory load on the system
#   Increase physical memory or swap space
#   Check if swap backing store is full
#   Decrease Java heap size (-Xmx/-Xms)
#   Decrease number of Java threads
#   Decrease Java thread stack sizes (-Xss)
#   Set larger code cache with -XX:ReservedCodeCacheSize=
#   JVM is running with Unscaled Compressed Oops mode in which the Java heap is
#     placed in the first 4GB address space. The Java Heap base address is the
#     maximum limit for the native heap growth. Please use -XX:HeapBaseMinAddress
#     to set the Java Heap base and to place the Java Heap above 4GB virtual address.
# This output file may be truncated or incomplete.
#
#  Out of Memory Error (allocation.cpp:44), pid=15720, tid=26580
#
# JRE version: Java(TM) SE Runtime Environment (17.0.10+11) (build 17.0.10+11-LTS-240)
# Java VM: Java HotSpot(TM) 64-Bit Server VM (17.0.10+11-LTS-240, mixed mode, sharing, tiered, compressed oops, compressed class ptrs, g1 gc, windows-amd64)
# No core dump will be written. Minidumps are not enabled by default on client versions of Windows
#

---------------  S U M M A R Y ------------

Command Line: -agentlib:jdwp=transport=dt_socket,address=127.0.0.1:50271,suspend=y,server=n -javaagent:C:\Users\mohas\AppData\Local\JetBrains\IdeaIC2023.3\captureAgent\debugger-agent.jar=file:/C:/Users/mohas/AppData/Local/Temp/capture.props -Dfile.encoding=UTF-8 com.auth_api.spring_jwt_auth.SpringJwtAuthApplication

Host: 11th Gen Intel(R) Core(TM) i5-1135G7 @ 2.40GHz, 8 cores, 7G,  Windows 11 , 64 bit Build 22621 (10.0.22621.4391)
Time: Sat Dec 21 00:01:05 2024 India Standard Time elapsed time: 179.861741 seconds (0d 0h 2m 59s)

---------------  T H R E A D  ---------------

Current thread (0x000001a0ff574120):  VMThread "VM Thread" [stack: 0x0000007c56500000,0x0000007c56600000] [id=26580]

Stack: [0x0000007c56500000,0x0000007c56600000]
Native frames: (J=compiled Java code, j=interpreted, Vv=VM code, C=native code)
V  [jvm.dll+0x677a5a]
V  [jvm.dll+0x7d8b2d]
V  [jvm.dll+0x7da48e]
V  [jvm.dll+0x7daaf3]
V  [jvm.dll+0x2455ff]
V  [jvm.dll+0xa5173]
V  [jvm.dll+0x2f4211]
V  [jvm.dll+0x2f00e0]
V  [jvm.dll+0x2d86b7]
V  [jvm.dll+0x31b227]
V  [jvm.dll+0x7df30b]
V  [jvm.dll+0x7e0044]
V  [jvm.dll+0x7e055d]
V  [jvm.dll+0x7e0934]
V  [jvm.dll+0x7e0a00]
V  [jvm.dll+0x78888a]
V  [jvm.dll+0x676935]
C  [ucrtbase.dll+0x29333]
C  [KERNEL32.DLL+0x1259d]
C  [ntdll.dll+0x5af38]

VM_Operation (0x0000007c55cff420): G1CollectFull, mode: safepoint, requested by thread 0x000001a0e1c824b0


---------------  P R O C E S S  ---------------

Threads class SMR info:
_java_thread_list=0x000001a0e1c67e10, length=20, elements={
0x000001a0ff57bae0, 0x000001a0ff57cab0, 0x000001a0ff58b310, 0x000001a0ff58bcd0,
0x000001a0ff58f6b0, 0x000001a0ff590480, 0x000001a0ff591220, 0x000001a0ff59d1e0,
0x000001a0ff59dbe0, 0x000001a0ff5652e0, 0x000001a098a1f370, 0x000001a098a2cff0,
0x000001a098b1cc20, 0x000001a098a32320, 0x000001a0df0b6b00, 0x000001a0e1c838f0,
0x000001a0e109d860, 0x000001a0e109aad0, 0x000001a0e109b4f0, 0x000001a0e1c824b0
}

Java Threads: ( => current thread )
  0x000001a0ff57bae0 JavaThread "Reference Handler" daemon [_thread_blocked, id=1240, stack(0x0000007c56600000,0x0000007c56700000)]
  0x000001a0ff57cab0 JavaThread "Finalizer" daemon [_thread_blocked, id=25648, stack(0x0000007c56700000,0x0000007c56800000)]
  0x000001a0ff58b310 JavaThread "Signal Dispatcher" daemon [_thread_blocked, id=3764, stack(0x0000007c56800000,0x0000007c56900000)]
  0x000001a0ff58bcd0 JavaThread "Attach Listener" daemon [_thread_blocked, id=24840, stack(0x0000007c56900000,0x0000007c56a00000)]
  0x000001a0ff58f6b0 JavaThread "Service Thread" daemon [_thread_blocked, id=12928, stack(0x0000007c56a00000,0x0000007c56b00000)]
  0x000001a0ff590480 JavaThread "Monitor Deflation Thread" daemon [_thread_blocked, id=25052, stack(0x0000007c56b00000,0x0000007c56c00000)]
  0x000001a0ff591220 JavaThread "C2 CompilerThread0" daemon [_thread_blocked, id=20356, stack(0x0000007c56c00000,0x0000007c56d00000)]
  0x000001a0ff59d1e0 JavaThread "C1 CompilerThread0" daemon [_thread_blocked, id=13644, stack(0x0000007c56d00000,0x0000007c56e00000)]
  0x000001a0ff59dbe0 JavaThread "Sweeper thread" daemon [_thread_blocked, id=23040, stack(0x0000007c56e00000,0x0000007c56f00000)]
  0x000001a0ff5652e0 JavaThread "Common-Cleaner" daemon [_thread_blocked, id=14528, stack(0x0000007c56f00000,0x0000007c57000000)]
  0x000001a098a1f370 JavaThread "JDWP Transport Listener: dt_socket" daemon [_thread_blocked, id=13328, stack(0x0000007c57000000,0x0000007c57100000)]
  0x000001a098a2cff0 JavaThread "JDWP Event Helper Thread" daemon [_thread_blocked, id=13140, stack(0x0000007c57100000,0x0000007c57200000)]
  0x000001a098b1cc20 JavaThread "JDWP Command Reader" daemon [_thread_in_native, id=5384, stack(0x0000007c57200000,0x0000007c57300000)]
  0x000001a098a32320 JavaThread "Notification Thread" daemon [_thread_blocked, id=164, stack(0x0000007c57300000,0x0000007c57400000)]
  0x000001a0df0b6b00 JavaThread "mysql-cj-abandoned-connection-cleanup" daemon [_thread_blocked, id=20716, stack(0x0000007c58000000,0x0000007c58100000)]
  0x000001a0e1c838f0 JavaThread "Live Reload Server" daemon [_thread_in_native, id=14084, stack(0x0000007c58700000,0x0000007c58800000)]
  0x000001a0e109d860 JavaThread "spectator-gauge-polling-0" daemon [_thread_blocked, id=24948, stack(0x0000007c59500000,0x0000007c59600000)]
  0x000001a0e109aad0 JavaThread "DestroyJavaVM" [_thread_blocked, id=18960, stack(0x0000007c55f00000,0x0000007c56000000)]
  0x000001a0e109b4f0 JavaThread "Catalina-utility-2" [_thread_blocked, id=21024, stack(0x0000007c58100000,0x0000007c58200000)]
  0x000001a0e1c824b0 JavaThread "Thread-9" [_thread_blocked, id=13192, stack(0x0000007c55c00000,0x0000007c55d00000)]

Other Threads:
=>0x000001a0ff574120 VMThread "VM Thread" [stack: 0x0000007c56500000,0x0000007c56600000] [id=26580]
  0x000001a0f7f58440 WatcherThread [stack: 0x0000007c57400000,0x0000007c57500000] [id=24712]
  0x000001a0f7f3ddb0 GCTaskThread "GC Thread#0" [stack: 0x0000007c56000000,0x0000007c56100000] [id=22912]
  0x000001a0de7cd960 GCTaskThread "GC Thread#1" [stack: 0x0000007c57500000,0x0000007c57600000] [id=26828]
  0x000001a0de525650 GCTaskThread "GC Thread#2" [stack: 0x0000007c57600000,0x0000007c57700000] [id=11184]
  0x000001a0dec81cf0 GCTaskThread "GC Thread#3" [stack: 0x0000007c57700000,0x0000007c57800000] [id=19012]
  0x000001a0de91e2f0 GCTaskThread "GC Thread#4" [stack: 0x0000007c57800000,0x0000007c57900000] [id=1288]
  0x000001a0de91e5b0 GCTaskThread "GC Thread#5" [stack: 0x0000007c57900000,0x0000007c57a00000] [id=6872]
  0x000001a0de91fc90 GCTaskThread "GC Thread#6" [stack: 0x0000007c57a00000,0x0000007c57b00000] [id=2480]
  0x000001a0de920160 GCTaskThread "GC Thread#7" [stack: 0x0000007c57b00000,0x0000007c57c00000] [id=20888]
  0x000001a0f7f4f210 ConcurrentGCThread "G1 Main Marker" [stack: 0x0000007c56100000,0x0000007c56200000] [id=20604]
  0x000001a0f7f503c0 ConcurrentGCThread "G1 Conc#0" [stack: 0x0000007c56200000,0x0000007c56300000] [id=25352]
  0x000001a0df20c7e0 ConcurrentGCThread "G1 Conc#1" [stack: 0x0000007c57f00000,0x0000007c58000000] [id=14008]
  0x000001a0ff4230d0 ConcurrentGCThread "G1 Refine#0" [stack: 0x0000007c56300000,0x0000007c56400000] [id=17836]
  0x000001a0ff423b00 ConcurrentGCThread "G1 Service" [stack: 0x0000007c56400000,0x0000007c56500000] [id=23468]

Threads with active compile tasks:
C2 CompilerThread0   179912 8592 % !   4       java.util.concurrent.ConcurrentHashMap::clear @ 10 (176 bytes)

VM state: at safepoint (normal execution)

VM Mutex/Monitor currently owned by a thread:  ([mutex/lock_event])
[0x000001a0f7ee08d0] Threads_lock - owner thread: 0x000001a0ff574120
[0x000001a0f7ee11d0] Heap_lock - owner thread: 0x000001a0e1c824b0

Heap address: 0x0000000085800000, size: 1960 MB, Compressed Oops mode: 32-bit

CDS archive(s) mapped at: [0x000001a099000000-0x000001a099bd0000-0x000001a099bd0000), size 12386304, SharedBaseAddress: 0x000001a099000000, ArchiveRelocationMode: 1.
Compressed class space mapped at: 0x000001a09a000000-0x000001a0da000000, reserved size: 1073741824
Narrow klass base: 0x000001a099000000, Narrow klass shift: 0, Narrow klass range: 0x100000000

GC Precious Log:
 CPUs: 8 total, 8 available
 Memory: 7834M
 Large Page Support: Disabled
 NUMA Support: Disabled
 Compressed Oops: Enabled (32-bit)
 Heap Region Size: 1M
 Heap Min Capacity: 8M
 Heap Initial Capacity: 124M
 Heap Max Capacity: 1960M
 Pre-touch: Disabled
 Parallel Workers: 8
 Concurrent Workers: 2
 Concurrent Refinement Workers: 8
 Periodic GC: Disabled

Heap:
 garbage-first heap   total 83968K, used 60094K [0x0000000085800000, 0x0000000100000000)
  region size 1024K, 19 young (19456K), 3 survivors (3072K)
 Metaspace       used 78328K, committed 78912K, reserved 1179648K
  class space    used 10517K, committed 10816K, reserved 1048576K

Heap Regions: E=young(eden), S=young(survivor), O=old, HS=humongous(starts), HC=humongous(continues), CS=collection set, F=free, OA=open archive, CA=closed archive, TAMS=top-at-mark-start (previous, next)
|   0|0x0000000085800000, 0x0000000085900000, 0x0000000085900000|100%|HS|  |TAMS 0x0000000085900000, 0x0000000085800000| Complete 
|   1|0x0000000085900000, 0x0000000085a00000, 0x0000000085a00000|100%|HS|  |TAMS 0x0000000085a00000, 0x0000000085900000| Complete 
|   2|0x0000000085a00000, 0x0000000085b00000, 0x0000000085b00000|100%|HS|  |TAMS 0x0000000085b00000, 0x0000000085a00000| Complete 
|   3|0x0000000085b00000, 0x0000000085c00000, 0x0000000085c00000|100%| O|  |TAMS 0x0000000085c00000, 0x0000000085b00000| Untracked 
|   4|0x0000000085c00000, 0x0000000085cffff8, 0x0000000085d00000| 99%| O|  |TAMS 0x0000000085cffff8, 0x0000000085c00000| Untracked 
|   5|0x0000000085d00000, 0x0000000085e00000, 0x0000000085e00000|100%| O|  |TAMS 0x0000000085e00000, 0x0000000085d00000| Untracked 
|   6|0x0000000085e00000, 0x0000000085effff8, 0x0000000085f00000| 99%| O|  |TAMS 0x0000000085effff8, 0x0000000085e00000| Untracked 
|   7|0x0000000085f00000, 0x0000000086000000, 0x0000000086000000|100%| O|  |TAMS 0x0000000086000000, 0x0000000085f00000| Untracked 
|   8|0x0000000086000000, 0x0000000086100000, 0x0000000086100000|100%| O|  |TAMS 0x0000000086100000, 0x0000000086000000| Untracked 
|   9|0x0000000086100000, 0x0000000086200000, 0x0000000086200000|100%| O|  |TAMS 0x0000000086200000, 0x0000000086100000| Untracked 
|  10|0x0000000086200000, 0x00000000862f22d0, 0x0000000086300000| 94%| O|  |TAMS 0x00000000862f22d0, 0x0000000086200000| Untracked 
|  11|0x0000000086300000, 0x00000000863ffff0, 0x0000000086400000| 99%| O|  |TAMS 0x00000000863ffff0, 0x0000000086300000| Untracked 
|  12|0x0000000086400000, 0x00000000864fef38, 0x0000000086500000| 99%| O|  |TAMS 0x00000000864fef38, 0x0000000086400000| Untracked 
|  13|0x0000000086500000, 0x00000000865ffff8, 0x0000000086600000| 99%| O|  |TAMS 0x00000000865ffff8, 0x0000000086500000| Untracked 
|  14|0x0000000086600000, 0x0000000086700000, 0x0000000086700000|100%| O|  |TAMS 0x0000000086700000, 0x0000000086600000| Untracked 
|  15|0x0000000086700000, 0x00000000867ffff0, 0x0000000086800000| 99%| O|  |TAMS 0x00000000867ffff0, 0x0000000086700000| Untracked 
|  16|0x0000000086800000, 0x0000000086900000, 0x0000000086900000|100%| O|  |TAMS 0x0000000086900000, 0x0000000086800000| Untracked 
|  17|0x0000000086900000, 0x0000000086a00000, 0x0000000086a00000|100%| O|  |TAMS 0x0000000086a00000, 0x0000000086900000| Untracked 
|  18|0x0000000086a00000, 0x0000000086afffb8, 0x0000000086b00000| 99%| O|  |TAMS 0x0000000086afffb8, 0x0000000086a00000| Untracked 
|  19|0x0000000086b00000, 0x0000000086bff9b0, 0x0000000086c00000| 99%| O|  |TAMS 0x0000000086bff9b0, 0x0000000086b00000| Untracked 
|  20|0x0000000086c00000, 0x0000000086cfffc8, 0x0000000086d00000| 99%| O|  |TAMS 0x0000000086cfffc8, 0x0000000086c00000| Untracked 
|  21|0x0000000086d00000, 0x0000000086dfffe8, 0x0000000086e00000| 99%| O|  |TAMS 0x0000000086dfffe8, 0x0000000086d00000| Untracked 
|  22|0x0000000086e00000, 0x0000000086efffe8, 0x0000000086f00000| 99%| O|  |TAMS 0x0000000086efffe8, 0x0000000086e00000| Untracked 
|  23|0x0000000086f00000, 0x0000000087000000, 0x0000000087000000|100%| O|  |TAMS 0x0000000087000000, 0x0000000086f00000| Untracked 
|  24|0x0000000087000000, 0x0000000087100000, 0x0000000087100000|100%| O|  |TAMS 0x0000000087100000, 0x0000000087000000| Untracked 
|  25|0x0000000087100000, 0x0000000087200000, 0x0000000087200000|100%| O|  |TAMS 0x0000000087200000, 0x0000000087100000| Untracked 
|  26|0x0000000087200000, 0x00000000872ffff8, 0x0000000087300000| 99%| O|  |TAMS 0x00000000872ffff8, 0x0000000087200000| Untracked 
|  27|0x0000000087300000, 0x0000000087400000, 0x0000000087400000|100%| O|  |TAMS 0x0000000087400000, 0x0000000087300000| Untracked 
|  28|0x0000000087400000, 0x00000000874fffb8, 0x0000000087500000| 99%| O|  |TAMS 0x00000000874fffb8, 0x0000000087400000| Untracked 
|  29|0x0000000087500000, 0x0000000087600000, 0x0000000087600000|100%| O|  |TAMS 0x0000000087600000, 0x0000000087500000| Untracked 
|  30|0x0000000087600000, 0x00000000876fffe0, 0x0000000087700000| 99%| O|  |TAMS 0x00000000876fffe0, 0x0000000087600000| Untracked 
|  31|0x0000000087700000, 0x0000000087800000, 0x0000000087800000|100%| O|  |TAMS 0x0000000087800000, 0x0000000087700000| Untracked 
|  32|0x0000000087800000, 0x00000000878ffff0, 0x0000000087900000| 99%| O|  |TAMS 0x00000000878ffff0, 0x0000000087800000| Untracked 
|  33|0x0000000087900000, 0x00000000879fffa8, 0x0000000087a00000| 99%| O|  |TAMS 0x00000000879fffa8, 0x0000000087900000| Untracked 
|  34|0x0000000087a00000, 0x0000000087b00000, 0x0000000087b00000|100%| O|  |TAMS 0x0000000087b00000, 0x0000000087a00000| Untracked 
|  35|0x0000000087b00000, 0x0000000087b6eb78, 0x0000000087c00000| 43%| O|  |TAMS 0x0000000087b6eb78, 0x0000000087b00000| Untracked 
|  36|0x0000000087c00000, 0x0000000087c3d308, 0x0000000087d00000| 23%| O|  |TAMS 0x0000000087c3d308, 0x0000000087c00000| Untracked 
|  37|0x0000000087d00000, 0x0000000087d64878, 0x0000000087e00000| 39%| O|  |TAMS 0x0000000087d64878, 0x0000000087d00000| Untracked 
|  38|0x0000000087e00000, 0x0000000087e091a0, 0x0000000087f00000|  3%| O|  |TAMS 0x0000000087e091a0, 0x0000000087e00000| Untracked 
|  39|0x0000000087f00000, 0x0000000088000000, 0x0000000088000000|100%| O|  |TAMS 0x0000000088000000, 0x0000000087f00000| Untracked 
|  40|0x0000000088000000, 0x0000000088042f68, 0x0000000088100000| 26%| O|  |TAMS 0x0000000088042f68, 0x0000000088000000| Untracked 
|  41|0x0000000088100000, 0x0000000088200000, 0x0000000088200000|100%| O|  |TAMS 0x0000000088200000, 0x0000000088100000| Untracked 
|  42|0x0000000088200000, 0x0000000088300000, 0x0000000088300000|100%| O|  |TAMS 0x0000000088300000, 0x0000000088200000| Untracked 
|  43|0x0000000088300000, 0x0000000088300000, 0x0000000088400000|  0%| F|  |TAMS 0x0000000088300000, 0x0000000088300000| Untracked 
|  44|0x0000000088400000, 0x0000000088500000, 0x0000000088500000|100%| O|  |TAMS 0x0000000088500000, 0x0000000088400000| Untracked 
|  45|0x0000000088500000, 0x0000000088593c00, 0x0000000088600000| 57%| O|  |TAMS 0x0000000088593c00, 0x0000000088500000| Untracked 
|  46|0x0000000088600000, 0x0000000088600000, 0x0000000088700000|  0%| F|  |TAMS 0x0000000088600000, 0x0000000088600000| Untracked 
|  47|0x0000000088700000, 0x0000000088700000, 0x0000000088800000|  0%| F|  |TAMS 0x0000000088700000, 0x0000000088700000| Untracked 
|  48|0x0000000088800000, 0x0000000088800000, 0x0000000088900000|  0%| F|  |TAMS 0x0000000088800000, 0x0000000088800000| Untracked 
|  49|0x0000000088900000, 0x0000000088900000, 0x0000000088a00000|  0%| F|  |TAMS 0x0000000088900000, 0x0000000088900000| Untracked 
|  50|0x0000000088a00000, 0x0000000088a00000, 0x0000000088b00000|  0%| F|  |TAMS 0x0000000088a00000, 0x0000000088a00000| Untracked 
|  51|0x0000000088b00000, 0x0000000088b00000, 0x0000000088c00000|  0%| F|  |TAMS 0x0000000088b00000, 0x0000000088b00000| Untracked 
|  52|0x0000000088c00000, 0x0000000088c00000, 0x0000000088d00000|  0%| F|  |TAMS 0x0000000088c00000, 0x0000000088c00000| Untracked 
|  53|0x0000000088d00000, 0x0000000088d00000, 0x0000000088e00000|  0%| F|  |TAMS 0x0000000088d00000, 0x0000000088d00000| Untracked 
|  54|0x0000000088e00000, 0x0000000088e00000, 0x0000000088f00000|  0%| F|  |TAMS 0x0000000088e00000, 0x0000000088e00000| Untracked 
|  55|0x0000000088f00000, 0x0000000088f00000, 0x0000000089000000|  0%| F|  |TAMS 0x0000000088f00000, 0x0000000088f00000| Untracked 
|  56|0x0000000089000000, 0x00000000890cec60, 0x0000000089100000| 80%| S|CS|TAMS 0x0000000089000000, 0x0000000089000000| Complete 
|  57|0x0000000089100000, 0x0000000089200000, 0x0000000089200000|100%| S|CS|TAMS 0x0000000089100000, 0x0000000089100000| Complete 
|  58|0x0000000089200000, 0x0000000089300000, 0x0000000089300000|100%| S|CS|TAMS 0x0000000089200000, 0x0000000089200000| Complete 
|  59|0x0000000089300000, 0x0000000089300000, 0x0000000089400000|  0%| F|  |TAMS 0x0000000089300000, 0x0000000089300000| Untracked 
|  60|0x0000000089400000, 0x0000000089400000, 0x0000000089500000|  0%| F|  |TAMS 0x0000000089400000, 0x0000000089400000| Untracked 
|  61|0x0000000089500000, 0x0000000089500000, 0x0000000089600000|  0%| F|  |TAMS 0x0000000089500000, 0x0000000089500000| Untracked 
|  62|0x0000000089600000, 0x0000000089600000, 0x0000000089700000|  0%| F|  |TAMS 0x0000000089600000, 0x0000000089600000| Untracked 
|  63|0x0000000089700000, 0x0000000089700000, 0x0000000089800000|  0%| F|  |TAMS 0x0000000089700000, 0x0000000089700000| Untracked 
|  64|0x0000000089800000, 0x0000000089800000, 0x0000000089900000|  0%| F|  |TAMS 0x0000000089800000, 0x0000000089800000| Untracked 
|  65|0x0000000089900000, 0x0000000089900000, 0x0000000089a00000|  0%| F|  |TAMS 0x0000000089900000, 0x0000000089900000| Untracked 
|  66|0x0000000089a00000, 0x0000000089a5b828, 0x0000000089b00000| 35%| E|  |TAMS 0x0000000089a00000, 0x0000000089a00000| Complete 
|  67|0x0000000089b00000, 0x0000000089c00000, 0x0000000089c00000|100%| E|CS|TAMS 0x0000000089b00000, 0x0000000089b00000| Complete 
|  68|0x0000000089c00000, 0x0000000089d00000, 0x0000000089d00000|100%| E|CS|TAMS 0x0000000089c00000, 0x0000000089c00000| Complete 
|  69|0x0000000089d00000, 0x0000000089e00000, 0x0000000089e00000|100%| E|CS|TAMS 0x0000000089d00000, 0x0000000089d00000| Complete 
|  70|0x0000000089e00000, 0x0000000089f00000, 0x0000000089f00000|100%| E|CS|TAMS 0x0000000089e00000, 0x0000000089e00000| Complete 
|  71|0x0000000089f00000, 0x000000008a000000, 0x000000008a000000|100%| E|CS|TAMS 0x0000000089f00000, 0x0000000089f00000| Complete 
|  72|0x000000008a000000, 0x000000008a100000, 0x000000008a100000|100%| E|CS|TAMS 0x000000008a000000, 0x000000008a000000| Complete 
|  73|0x000000008a100000, 0x000000008a200000, 0x000000008a200000|100%| E|CS|TAMS 0x000000008a100000, 0x000000008a100000| Complete 
|  74|0x000000008a200000, 0x000000008a300000, 0x000000008a300000|100%| E|CS|TAMS 0x000000008a200000, 0x000000008a200000| Complete 
|  75|0x000000008a300000, 0x000000008a400000, 0x000000008a400000|100%| E|CS|TAMS 0x000000008a300000, 0x000000008a300000| Complete 
|  76|0x000000008a400000, 0x000000008a500000, 0x000000008a500000|100%| E|CS|TAMS 0x000000008a400000, 0x000000008a400000| Complete 
|  77|0x000000008a500000, 0x000000008a600000, 0x000000008a600000|100%| E|CS|TAMS 0x000000008a500000, 0x000000008a500000| Complete 
|  78|0x000000008a600000, 0x000000008a700000, 0x000000008a700000|100%| E|CS|TAMS 0x000000008a600000, 0x000000008a600000| Complete 
|  79|0x000000008a700000, 0x000000008a800000, 0x000000008a800000|100%| E|CS|TAMS 0x000000008a700000, 0x000000008a700000| Complete 
|  82|0x000000008aa00000, 0x000000008ab00000, 0x000000008ab00000|100%| E|CS|TAMS 0x000000008aa00000, 0x000000008aa00000| Complete 
| 123|0x000000008d300000, 0x000000008d400000, 0x000000008d400000|100%| E|CS|TAMS 0x000000008d300000, 0x000000008d300000| Complete 

Card table byte_map: [0x000001a0fa5d0000,0x000001a0fa9b0000] _byte_map_base: 0x000001a0fa1a4000

Marking Bits (Prev, Next): (CMBitMap*) 0x000001a0f7f3e410, (CMBitMap*) 0x000001a0f7f3e3d0
 Prev Bits: [0x000001a0fcc30000, 0x000001a0fead0000)
 Next Bits: [0x000001a0fad90000, 0x000001a0fcc30000)

Polling page: 0x000001a0f9750000

Metaspace:

Usage:
  Non-class:     66.22 MB used.
      Class:     10.27 MB used.
       Both:     76.49 MB used.

Virtual space:
  Non-class space:      128.00 MB reserved,      66.50 MB ( 52%) committed,  2 nodes.
      Class space:        1.00 GB reserved,      10.56 MB (  1%) committed,  1 nodes.
             Both:        1.12 GB reserved,      77.06 MB (  7%) committed. 

Chunk freelists:
   Non-Class:  13.50 MB
       Class:  5.45 MB
        Both:  18.95 MB

MaxMetaspaceSize: unlimited
CompressedClassSpaceSize: 1.00 GB
Initial GC threshold: 21.00 MB
Current GC threshold: 128.38 MB
CDS: on
MetaspaceReclaimPolicy: balanced
 - commit_granule_bytes: 65536.
 - commit_granule_words: 8192.
 - virtual_space_node_default_size: 8388608.
 - enlarge_chunks_in_place: 1.
 - new_chunks_are_fully_committed: 0.
 - uncommit_free_chunks: 1.
 - use_allocation_guard: 0.
 - handle_deallocations: 1.


Internal statistics:

num_allocs_failed_limit: 9.
num_arena_births: 890.
num_arena_deaths: 0.
num_vsnodes_births: 3.
num_vsnodes_deaths: 0.
num_space_committed: 1233.
num_space_uncommitted: 0.
num_chunks_returned_to_freelist: 9.
num_chunks_taken_from_freelist: 3667.
num_chunk_merges: 9.
num_chunk_splits: 2657.
num_chunks_enlarged: 2074.
num_inconsistent_stats: 0.

CodeHeap 'non-profiled nmethods': size=120000Kb used=5405Kb max_used=5405Kb free=114594Kb
 bounds [0x000001a08f2b0000, 0x000001a08f810000, 0x000001a0967e0000]
CodeHeap 'profiled nmethods': size=120000Kb used=14512Kb max_used=14512Kb free=105488Kb
 bounds [0x000001a0877e0000, 0x000001a088610000, 0x000001a08ed10000]
CodeHeap 'non-nmethods': size=5760Kb used=1445Kb max_used=1526Kb free=4314Kb
 bounds [0x000001a08ed10000, 0x000001a08ef80000, 0x000001a08f2b0000]
 total_blobs=8013 nmethods=7313 adapters=611
 compilation: enabled
              stopped_count=0, restarted_count=0
 full_count=0

Compilation events (20 events):
Event: 177.944 Thread 0x000001a0ff591220 nmethod 8346 0x000001a08f4d8b10 code [0x000001a08f4d8ca0, 0x000001a08f4d8d98]
Event: 177.944 Thread 0x000001a0ff591220 7900       4       net.bytebuddy.description.type.TypeDescription$AbstractBase::asErasure (2 bytes)
Event: 177.944 Thread 0x000001a0ff591220 nmethod 7900 0x000001a08f4d8810 code [0x000001a08f4d8980, 0x000001a08f4d89f8]
Event: 177.944 Thread 0x000001a0ff591220 7910       4       net.bytebuddy.description.type.TypeDescription$Generic$AbstractBase::asGenericType (2 bytes)
Event: 177.944 Thread 0x000001a0ff591220 nmethod 7910 0x000001a08f4b4510 code [0x000001a08f4b4680, 0x000001a08f4b46f8]
Event: 177.944 Thread 0x000001a0ff591220 7644       4       org.springframework.util.PlaceholderParser$TextPart::resolve (5 bytes)
Event: 177.944 Thread 0x000001a0ff591220 nmethod 7644 0x000001a08f4b4210 code [0x000001a08f4b4380, 0x000001a08f4b43f8]
Event: 177.944 Thread 0x000001a0ff591220 7323       4       org.springframework.boot.logging.logback.LogbackLoggingSystem$1::decide (4 bytes)
Event: 177.945 Thread 0x000001a0ff591220 nmethod 7323 0x000001a08f4b3f10 code [0x000001a08f4b4080, 0x000001a08f4b40f8]
Event: 177.945 Thread 0x000001a0ff591220 7874       4       java.nio.HeapByteBuffer::ix (7 bytes)
Event: 177.945 Thread 0x000001a0ff591220 nmethod 7874 0x000001a08f4b3c10 code [0x000001a08f4b3d80, 0x000001a08f4b3df8]
Event: 177.945 Thread 0x000001a0ff591220 8427       4       com.fasterxml.jackson.databind.introspect.AnnotatedClass::getAnnotation (11 bytes)
Event: 177.945 Thread 0x000001a0ff591220 nmethod 8427 0x000001a08f4b3910 code [0x000001a08f4b3a80, 0x000001a08f4b3b38]
Event: 179.818 Thread 0x000001a0ff59d1e0 8590       3       org.apache.hc.core5.http.message.HeaderGroup::containsHeader (52 bytes)
Event: 179.818 Thread 0x000001a0ff59d1e0 nmethod 8590 0x000001a08860ae10 code [0x000001a08860b000, 0x000001a08860b618]
Event: 179.852 Thread 0x000001a0ff59d1e0 8591       3       org.apache.hc.core5.http.impl.io.SessionInputBufferImpl::readLine (271 bytes)
Event: 179.853 Thread 0x000001a0ff59d1e0 nmethod 8591 0x000001a08860b810 code [0x000001a08860bae0, 0x000001a08860c9d8]
Event: 179.854 Thread 0x000001a0ff591220 8592 % !   4       java.util.concurrent.ConcurrentHashMap::clear @ 10 (176 bytes)
Event: 179.858 Thread 0x000001a0ff59d1e0 8593       3       java.lang.Thread::checkAccess (14 bytes)
Event: 179.858 Thread 0x000001a0ff59d1e0 nmethod 8593 0x000001a08860cf90 code [0x000001a08860d160, 0x000001a08860d608]

GC Heap History (20 events):
Event: 28.063 GC heap before
{Heap before GC invocations=20 (full 0):
 garbage-first heap   total 75776K, used 61804K [0x0000000085800000, 0x0000000100000000)
  region size 1024K, 26 young (26624K), 1 survivors (1024K)
 Metaspace       used 67672K, committed 68224K, reserved 1114112K
  class space    used 9149K, committed 9408K, reserved 1048576K
}
Event: 28.066 GC heap after
{Heap after GC invocations=21 (full 0):
 garbage-first heap   total 75776K, used 37722K [0x0000000085800000, 0x0000000100000000)
  region size 1024K, 2 young (2048K), 2 survivors (2048K)
 Metaspace       used 67672K, committed 68224K, reserved 1114112K
  class space    used 9149K, committed 9408K, reserved 1048576K
}
Event: 29.306 GC heap before
{Heap before GC invocations=22 (full 0):
 garbage-first heap   total 75776K, used 62298K [0x0000000085800000, 0x0000000100000000)
  region size 1024K, 26 young (26624K), 2 survivors (2048K)
 Metaspace       used 70265K, committed 70784K, reserved 1114112K
  class space    used 9548K, committed 9792K, reserved 1048576K
}
Event: 29.312 GC heap after
{Heap after GC invocations=23 (full 0):
 garbage-first heap   total 75776K, used 39936K [0x0000000085800000, 0x0000000100000000)
  region size 1024K, 4 young (4096K), 4 survivors (4096K)
 Metaspace       used 70265K, committed 70784K, reserved 1114112K
  class space    used 9548K, committed 9792K, reserved 1048576K
}
Event: 31.913 GC heap before
{Heap before GC invocations=23 (full 0):
 garbage-first heap   total 75776K, used 62464K [0x0000000085800000, 0x0000000100000000)
  region size 1024K, 26 young (26624K), 4 survivors (4096K)
 Metaspace       used 72234K, committed 72896K, reserved 1114112K
  class space    used 9808K, committed 10112K, reserved 1048576K
}
Event: 31.923 GC heap after
{Heap after GC invocations=24 (full 0):
 garbage-first heap   total 75776K, used 41859K [0x0000000085800000, 0x0000000100000000)
  region size 1024K, 3 young (3072K), 3 survivors (3072K)
 Metaspace       used 72234K, committed 72896K, reserved 1114112K
  class space    used 9808K, committed 10112K, reserved 1048576K
}
Event: 33.377 GC heap before
{Heap before GC invocations=25 (full 0):
 garbage-first heap   total 75776K, used 61315K [0x0000000085800000, 0x0000000100000000)
  region size 1024K, 22 young (22528K), 3 survivors (3072K)
 Metaspace       used 76104K, committed 76672K, reserved 1179648K
  class space    used 10357K, committed 10624K, reserved 1048576K
}
Event: 33.382 GC heap after
{Heap after GC invocations=26 (full 0):
 garbage-first heap   total 75776K, used 42865K [0x0000000085800000, 0x0000000100000000)
  region size 1024K, 2 young (2048K), 2 survivors (2048K)
 Metaspace       used 76104K, committed 76672K, reserved 1179648K
  class space    used 10357K, committed 10624K, reserved 1048576K
}
Event: 171.570 GC heap before
{Heap before GC invocations=26 (full 0):
 garbage-first heap   total 75776K, used 54129K [0x0000000085800000, 0x0000000100000000)
  region size 1024K, 14 young (14336K), 2 survivors (2048K)
 Metaspace       used 77024K, committed 77632K, reserved 1179648K
  class space    used 10470K, committed 10752K, reserved 1048576K
}
Event: 172.083 GC heap after
{Heap after GC invocations=27 (full 1):
 garbage-first heap   total 75776K, used 38196K [0x0000000085800000, 0x0000000100000000)
  region size 1024K, 0 young (0K), 0 survivors (0K)
 Metaspace       used 77024K, committed 77632K, reserved 1179648K
  class space    used 10470K, committed 10752K, reserved 1048576K
}
Event: 173.300 GC heap before
{Heap before GC invocations=27 (full 1):
 garbage-first heap   total 75776K, used 58676K [0x0000000085800000, 0x0000000100000000)
  region size 1024K, 20 young (20480K), 0 survivors (0K)
 Metaspace       used 77183K, committed 77760K, reserved 1179648K
  class space    used 10478K, committed 10752K, reserved 1048576K
}
Event: 173.321 GC heap after
{Heap after GC invocations=28 (full 1):
 garbage-first heap   total 75776K, used 40611K [0x0000000085800000, 0x0000000100000000)
  region size 1024K, 3 young (3072K), 3 survivors (3072K)
 Metaspace       used 77183K, committed 77760K, reserved 1179648K
  class space    used 10478K, committed 10752K, reserved 1048576K
}
Event: 173.786 GC heap before
{Heap before GC invocations=29 (full 1):
 garbage-first heap   total 76800K, used 58019K [0x0000000085800000, 0x0000000100000000)
  region size 1024K, 20 young (20480K), 3 survivors (3072K)
 Metaspace       used 77299K, committed 77888K, reserved 1179648K
  class space    used 10480K, committed 10752K, reserved 1048576K
}
Event: 173.805 GC heap after
{Heap after GC invocations=30 (full 1):
 garbage-first heap   total 76800K, used 41228K [0x0000000085800000, 0x0000000100000000)
  region size 1024K, 2 young (2048K), 2 survivors (2048K)
 Metaspace       used 77299K, committed 77888K, reserved 1179648K
  class space    used 10480K, committed 10752K, reserved 1048576K
}
Event: 173.975 GC heap before
{Heap before GC invocations=30 (full 1):
 garbage-first heap   total 76800K, used 56588K [0x0000000085800000, 0x0000000100000000)
  region size 1024K, 19 young (19456K), 2 survivors (2048K)
 Metaspace       used 77406K, committed 77952K, reserved 1179648K
  class space    used 10484K, committed 10752K, reserved 1048576K
}
Event: 173.977 GC heap after
{Heap after GC invocations=31 (full 1):
 garbage-first heap   total 76800K, used 42831K [0x0000000085800000, 0x0000000100000000)
  region size 1024K, 3 young (3072K), 3 survivors (3072K)
 Metaspace       used 77406K, committed 77952K, reserved 1179648K
  class space    used 10484K, committed 10752K, reserved 1048576K
}
Event: 174.341 GC heap before
{Heap before GC invocations=32 (full 1):
 garbage-first heap   total 83968K, used 59215K [0x0000000085800000, 0x0000000100000000)
  region size 1024K, 19 young (19456K), 3 survivors (3072K)
 Metaspace       used 77743K, committed 78400K, reserved 1179648K
  class space    used 10500K, committed 10816K, reserved 1048576K
}
Event: 174.353 GC heap after
{Heap after GC invocations=33 (full 1):
 garbage-first heap   total 83968K, used 43012K [0x0000000085800000, 0x0000000100000000)
  region size 1024K, 2 young (2048K), 2 survivors (2048K)
 Metaspace       used 77743K, committed 78400K, reserved 1179648K
  class space    used 10500K, committed 10816K, reserved 1048576K
}
Event: 175.109 GC heap before
{Heap before GC invocations=33 (full 1):
 garbage-first heap   total 83968K, used 64516K [0x0000000085800000, 0x0000000100000000)
  region size 1024K, 23 young (23552K), 2 survivors (2048K)
 Metaspace       used 78170K, committed 78848K, reserved 1179648K
  class space    used 10513K, committed 10816K, reserved 1048576K
}
Event: 175.112 GC heap after
{Heap after GC invocations=34 (full 1):
 garbage-first heap   total 83968K, used 44734K [0x0000000085800000, 0x0000000100000000)
  region size 1024K, 3 young (3072K), 3 survivors (3072K)
 Metaspace       used 78170K, committed 78848K, reserved 1179648K
  class space    used 10513K, committed 10816K, reserved 1048576K
}

Deoptimization events (20 events):
Event: 179.857 Thread 0x000001a0e1c824b0 DEOPT PACKING pc=0x000001a087d4f3a1 sp=0x0000007c55cfc140
Event: 179.857 Thread 0x000001a0e1c824b0 DEOPT UNPACKING pc=0x000001a08ed666e3 sp=0x0000007c55cfb618 mode 1
Event: 179.857 Thread 0x000001a0e1c824b0 DEOPT PACKING pc=0x000001a087d4dd4c sp=0x0000007c55cfc1d0
Event: 179.857 Thread 0x000001a0e1c824b0 DEOPT UNPACKING pc=0x000001a08ed666e3 sp=0x0000007c55cfb770 mode 1
Event: 179.857 Thread 0x000001a0e1c824b0 DEOPT PACKING pc=0x000001a087d4a89c sp=0x0000007c55cfc330
Event: 179.857 Thread 0x000001a0e1c824b0 DEOPT UNPACKING pc=0x000001a08ed666e3 sp=0x0000007c55cfb8f0 mode 1
Event: 179.857 Thread 0x000001a0e1c824b0 DEOPT PACKING pc=0x000001a087d4f3a1 sp=0x0000007c55cfc4d0
Event: 179.857 Thread 0x000001a0e1c824b0 DEOPT UNPACKING pc=0x000001a08ed666e3 sp=0x0000007c55cfb9a8 mode 1
Event: 179.857 Thread 0x000001a0e1c824b0 DEOPT PACKING pc=0x000001a087d4dd4c sp=0x0000007c55cfc560
Event: 179.857 Thread 0x000001a0e1c824b0 DEOPT UNPACKING pc=0x000001a08ed666e3 sp=0x0000007c55cfbb00 mode 1
Event: 179.857 Thread 0x000001a0e1c824b0 DEOPT PACKING pc=0x000001a087d4a89c sp=0x0000007c55cfc6c0
Event: 179.857 Thread 0x000001a0e1c824b0 DEOPT UNPACKING pc=0x000001a08ed666e3 sp=0x0000007c55cfbc80 mode 1
Event: 179.858 Thread 0x000001a0e1099690 DEOPT PACKING pc=0x000001a0884bd9c4 sp=0x0000007c57dfef40
Event: 179.858 Thread 0x000001a0e1099690 DEOPT UNPACKING pc=0x000001a08ed666e3 sp=0x0000007c57dfe460 mode 1
Event: 179.858 Thread 0x000001a0e1099690 DEOPT PACKING pc=0x000001a0884a1834 sp=0x0000007c57dff060
Event: 179.858 Thread 0x000001a0e1099690 DEOPT UNPACKING pc=0x000001a08ed666e3 sp=0x0000007c57dfe5a8 mode 1
Event: 179.858 Thread 0x000001a0e1099690 DEOPT PACKING pc=0x000001a0884a0c4c sp=0x0000007c57dff180
Event: 179.858 Thread 0x000001a0e1099690 DEOPT UNPACKING pc=0x000001a08ed666e3 sp=0x0000007c57dfe620 mode 1
Event: 179.858 Thread 0x000001a0e1099690 DEOPT PACKING pc=0x000001a0884b4084 sp=0x0000007c57dff1c0
Event: 179.858 Thread 0x000001a0e1099690 DEOPT UNPACKING pc=0x000001a08ed666e3 sp=0x0000007c57dfe680 mode 1

Classes unloaded (0 events):
No events

Classes redefined (0 events):
No events

Internal exceptions (20 events):
Event: 173.868 Thread 0x000001a0e109f1b0 Exception <a 'java/lang/NoClassDefFoundError'{0x000000008a3500c8}: org/springframework/batch/core/repository/JobRepository> (0x000000008a3500c8) 
thrown [s\open\src\hotspot\share\oops\constantPool.cpp, line 835]
Event: 173.868 Thread 0x000001a0e109f1b0 Exception <a 'java/lang/NoClassDefFoundError'{0x000000008a350710}: org/quartz/Scheduler> (0x000000008a350710) 
thrown [s\open\src\hotspot\share\oops\constantPool.cpp, line 835]
Event: 173.868 Thread 0x000001a0e109f1b0 Exception <a 'java/lang/NoClassDefFoundError'{0x000000008a350d80}: org/springframework/session/jdbc/JdbcIndexedSessionRepository> (0x000000008a350d80) 
thrown [s\open\src\hotspot\share\oops\constantPool.cpp, line 835]
Event: 173.951 Thread 0x000001a0e109f1b0 Exception <a 'sun/nio/fs/WindowsException'{0x000000008941a970}> (0x000000008941a970) 
thrown [s\open\src\hotspot\share\prims\jni.cpp, line 516]
Event: 173.952 Thread 0x000001a0e109f1b0 Exception <a 'sun/nio/fs/WindowsException'{0x000000008941afc8}> (0x000000008941afc8) 
thrown [s\open\src\hotspot\share\prims\jni.cpp, line 516]
Event: 173.952 Thread 0x000001a0e109f1b0 Exception <a 'sun/nio/fs/WindowsException'{0x000000008941b6a0}> (0x000000008941b6a0) 
thrown [s\open\src\hotspot\share\prims\jni.cpp, line 516]
Event: 173.964 Thread 0x000001a0e109f1b0 Exception <a 'java/io/FileNotFoundException'{0x0000000089469090}> (0x0000000089469090) 
thrown [s\open\src\hotspot\share\prims\jni.cpp, line 516]
Event: 174.054 Thread 0x000001a0e109f1b0 Exception <a 'sun/nio/fs/WindowsException'{0x000000008a480470}> (0x000000008a480470) 
thrown [s\open\src\hotspot\share\prims\jni.cpp, line 516]
Event: 174.378 Thread 0x000001a0e109f1b0 Exception <a 'java/lang/reflect/InvocationTargetException'{0x000000008aa90330}> (0x000000008aa90330) 
thrown [s\open\src\hotspot\share\runtime\reflection.cpp, line 1121]
Event: 174.400 Thread 0x000001a0e109f1b0 Exception <a 'java/io/FileNotFoundException'{0x000000008a7adee8}> (0x000000008a7adee8) 
thrown [s\open\src\hotspot\share\prims\jni.cpp, line 516]
Event: 174.835 Thread 0x000001a0e109f1b0 Exception <a 'sun/nio/fs/WindowsException'{0x0000000089c468d8}> (0x0000000089c468d8) 
thrown [s\open\src\hotspot\share\prims\jni.cpp, line 516]
Event: 176.799 Thread 0x000001a0e1c81a90 Exception <a 'java/io/IOException'{0x0000000089bed468}> (0x0000000089bed468) 
thrown [s\open\src\hotspot\share\prims\jni.cpp, line 516]
Event: 176.799 Thread 0x000001a0e1c81a90 Exception <a 'java/io/IOException'{0x0000000089bedfa8}> (0x0000000089bedfa8) 
thrown [s\open\src\hotspot\share\prims\jni.cpp, line 516]
Event: 176.802 Thread 0x000001a0e1c81a90 Exception <a 'java/net/SocketException'{0x0000000089bf37a0}: Connection reset by peer: shutdown> (0x0000000089bf37a0) 
thrown [s\open\src\hotspot\share\prims\jni.cpp, line 535]
Event: 176.802 Thread 0x000001a0e1c81a90 Exception <a 'java/io/IOException'{0x0000000089bf4e30}> (0x0000000089bf4e30) 
thrown [s\open\src\hotspot\share\prims\jni.cpp, line 516]
Event: 176.802 Thread 0x000001a0e1c81a90 Exception <a 'java/io/IOException'{0x0000000089bf5970}> (0x0000000089bf5970) 
thrown [s\open\src\hotspot\share\prims\jni.cpp, line 516]
Event: 176.806 Thread 0x000001a0e1c81a90 Exception <a 'java/io/IOException'{0x0000000089bfd5a8}> (0x0000000089bfd5a8) 
thrown [s\open\src\hotspot\share\prims\jni.cpp, line 516]
Event: 176.806 Thread 0x000001a0e1c81a90 Exception <a 'java/io/IOException'{0x0000000089bfe0e8}> (0x0000000089bfe0e8) 
thrown [s\open\src\hotspot\share\prims\jni.cpp, line 516]
Event: 176.807 Thread 0x000001a0e1c81a90 Exception <a 'java/io/IOException'{0x0000000089a014b0}> (0x0000000089a014b0) 
thrown [s\open\src\hotspot\share\prims\jni.cpp, line 516]
Event: 179.859 Thread 0x000001a0e109e790 Exception <a 'java/lang/InterruptedException'{0x0000000089a41ec0}: sleep interrupted> (0x0000000089a41ec0) 
thrown [s\open\src\hotspot\share\prims\jvm.cpp, line 3064]

VM Operations (20 events):
Event: 173.805 Executing VM operation: G1CollectForAllocation done
Event: 173.975 Executing VM operation: G1TryInitiateConcMark
Event: 173.977 Executing VM operation: G1TryInitiateConcMark done
Event: 174.013 Executing VM operation: G1Concurrent
Event: 174.016 Executing VM operation: G1Concurrent done
Event: 174.031 Executing VM operation: G1Concurrent
Event: 174.031 Executing VM operation: G1Concurrent done
Event: 174.341 Executing VM operation: G1CollectForAllocation
Event: 174.353 Executing VM operation: G1CollectForAllocation done
Event: 175.109 Executing VM operation: G1CollectForAllocation
Event: 175.116 Executing VM operation: G1CollectForAllocation done
Event: 175.164 Executing VM operation: G1Concurrent
Event: 175.179 Executing VM operation: G1Concurrent done
Event: 175.197 Executing VM operation: G1Concurrent
Event: 175.198 Executing VM operation: G1Concurrent done
Event: 176.198 Executing VM operation: Cleanup
Event: 176.198 Executing VM operation: Cleanup done
Event: 177.205 Executing VM operation: Cleanup
Event: 177.205 Executing VM operation: Cleanup done
Event: 179.859 Executing VM operation: G1CollectFull

Events (20 events):
Event: 176.788 Thread 0x000001a0e109f6c0 Thread exited: 0x000001a0e109f6c0
Event: 176.789 Thread 0x000001a0e1098c70 Thread exited: 0x000001a0e1098c70
Event: 176.789 Thread 0x000001a0e1098760 Thread exited: 0x000001a0e1098760
Event: 176.789 Thread 0x000001a0e1098250 Thread exited: 0x000001a0e1098250
Event: 176.789 Thread 0x000001a0e109d350 Thread exited: 0x000001a0e109d350
Event: 176.789 Thread 0x000001a0e109c930 Thread exited: 0x000001a0e109c930
Event: 176.789 Thread 0x000001a0e1097d40 Thread exited: 0x000001a0e1097d40
Event: 176.789 Thread 0x000001a0e1099180 Thread exited: 0x000001a0e1099180
Event: 176.789 Thread 0x000001a0e109ce40 Thread exited: 0x000001a0e109ce40
Event: 176.791 Thread 0x000001a0e109dd70 Thread exited: 0x000001a0e109dd70
Event: 176.793 Thread 0x000001a0e1c81a90 Thread added: 0x000001a0e1c81a90
Event: 176.794 Thread 0x000001a0e109afe0 Thread exited: 0x000001a0e109afe0
Event: 176.794 Thread 0x000001a0e109bf10 Thread exited: 0x000001a0e109bf10
Event: 176.808 Thread 0x000001a0e1c81a90 Thread exited: 0x000001a0e1c81a90
Event: 179.813 Thread 0x000001a0e1c84820 Thread exited: 0x000001a0e1c84820
Event: 179.815 Thread 0x000001a0e1c81580 Thread exited: 0x000001a0e1c81580
Event: 179.815 Thread 0x000001a0e1c83e00 Thread exited: 0x000001a0e1c83e00
Event: 179.855 Thread 0x000001a0e1c829c0 Thread exited: 0x000001a0e1c829c0
Event: 179.858 Thread 0x000001a0e1099690 Thread exited: 0x000001a0e1099690
Event: 179.859 Thread 0x000001a0e109e790 Thread exited: 0x000001a0e109e790


Dynamic libraries:
0x00007ff674de0000 - 0x00007ff674df0000 	C:\Program Files\Java\jdk-17\bin\java.exe
0x00007ff8f8610000 - 0x00007ff8f8827000 	C:\WINDOWS\SYSTEM32\ntdll.dll
0x00007ff8f7550000 - 0x00007ff8f7614000 	C:\WINDOWS\System32\KERNEL32.DLL
0x00007ff8f5b80000 - 0x00007ff8f5f39000 	C:\WINDOWS\System32\KERNELBASE.dll
0x00007ff8f6210000 - 0x00007ff8f6321000 	C:\WINDOWS\System32\ucrtbase.dll
0x00007ff8efaa0000 - 0x00007ff8efab9000 	C:\Program Files\Java\jdk-17\bin\jli.dll
0x00007ff8efa70000 - 0x00007ff8efa8b000 	C:\Program Files\Java\jdk-17\bin\VCRUNTIME140.dll
0x00007ff8f7620000 - 0x00007ff8f76d2000 	C:\WINDOWS\System32\ADVAPI32.dll
0x00007ff8f6d00000 - 0x00007ff8f6da7000 	C:\WINDOWS\System32\msvcrt.dll
0x00007ff8f7370000 - 0x00007ff8f7417000 	C:\WINDOWS\System32\sechost.dll
0x00007ff8f60b0000 - 0x00007ff8f60d8000 	C:\WINDOWS\System32\bcrypt.dll
0x00007ff8f7420000 - 0x00007ff8f7534000 	C:\WINDOWS\System32\RPCRT4.dll
0x00007ff8f6eb0000 - 0x00007ff8f705e000 	C:\WINDOWS\System32\USER32.dll
0x00007ff8f5910000 - 0x00007ff8f5936000 	C:\WINDOWS\System32\win32u.dll
0x00007ff8d3650000 - 0x00007ff8d38e2000 	C:\WINDOWS\WinSxS\amd64_microsoft.windows.common-controls_6595b64144ccf1df_6.0.22621.4391_none_2715d37f73803e96\COMCTL32.dll
0x00007ff8f8530000 - 0x00007ff8f8559000 	C:\WINDOWS\System32\GDI32.dll
0x00007ff8f59c0000 - 0x00007ff8f5adb000 	C:\WINDOWS\System32\gdi32full.dll
0x00007ff8f5ae0000 - 0x00007ff8f5b7a000 	C:\WINDOWS\System32\msvcp_win.dll
0x00007ff8eb7d0000 - 0x00007ff8eb7da000 	C:\WINDOWS\SYSTEM32\VERSION.dll
0x00007ff8f7950000 - 0x00007ff8f7981000 	C:\WINDOWS\System32\IMM32.DLL
0x00007ff8efa60000 - 0x00007ff8efa6c000 	C:\Program Files\Java\jdk-17\bin\vcruntime140_1.dll
0x00007ff8cd010000 - 0x00007ff8cd09e000 	C:\Program Files\Java\jdk-17\bin\msvcp140.dll
0x00007ff896bf0000 - 0x00007ff8977cf000 	C:\Program Files\Java\jdk-17\bin\server\jvm.dll
0x00007ff8f7540000 - 0x00007ff8f7548000 	C:\WINDOWS\System32\PSAPI.DLL
0x00007ff8edf30000 - 0x00007ff8edf39000 	C:\WINDOWS\SYSTEM32\WSOCK32.dll
0x00007ff8e7c50000 - 0x00007ff8e7c84000 	C:\WINDOWS\SYSTEM32\WINMM.dll
0x00007ff8f7110000 - 0x00007ff8f7181000 	C:\WINDOWS\System32\WS2_32.dll
0x00007ff8f4920000 - 0x00007ff8f4938000 	C:\WINDOWS\SYSTEM32\kernel.appcore.dll
0x00007ff8efa50000 - 0x00007ff8efa5a000 	C:\Program Files\Java\jdk-17\bin\jimage.dll
0x00007ff8f3100000 - 0x00007ff8f3332000 	C:\WINDOWS\SYSTEM32\DBGHELP.DLL
0x00007ff8f8120000 - 0x00007ff8f84af000 	C:\WINDOWS\System32\combase.dll
0x00007ff8f6db0000 - 0x00007ff8f6e87000 	C:\WINDOWS\System32\OLEAUT32.dll
0x00007ff8d6f40000 - 0x00007ff8d6f72000 	C:\WINDOWS\SYSTEM32\dbgcore.DLL
0x00007ff8f5940000 - 0x00007ff8f59bb000 	C:\WINDOWS\System32\bcryptPrimitives.dll
0x00007ff8d3a90000 - 0x00007ff8d3acb000 	C:\Program Files\Java\jdk-17\bin\jdwp.dll
0x00007ff8e4220000 - 0x00007ff8e422e000 	C:\Program Files\Java\jdk-17\bin\instrument.dll
0x00007ff8e7c00000 - 0x00007ff8e7c25000 	C:\Program Files\Java\jdk-17\bin\java.dll
0x00007ff8db000000 - 0x00007ff8db018000 	C:\Program Files\Java\jdk-17\bin\zip.dll
0x00007ff8c3590000 - 0x00007ff8c3667000 	C:\Program Files\Java\jdk-17\bin\jsvml.dll
0x00007ff8f6330000 - 0x00007ff8f6ba6000 	C:\WINDOWS\System32\SHELL32.dll
0x00007ff8f3800000 - 0x00007ff8f4103000 	C:\WINDOWS\SYSTEM32\windows.storage.dll
0x00007ff8f36c0000 - 0x00007ff8f37ff000 	C:\WINDOWS\SYSTEM32\wintypes.dll
0x00007ff8f77c0000 - 0x00007ff8f78b9000 	C:\WINDOWS\System32\SHCORE.dll
0x00007ff8f8560000 - 0x00007ff8f85be000 	C:\WINDOWS\System32\shlwapi.dll
0x00007ff8f5840000 - 0x00007ff8f586b000 	C:\WINDOWS\SYSTEM32\profapi.dll
0x00007ff8dafd0000 - 0x00007ff8dafdc000 	C:\Program Files\Java\jdk-17\bin\dt_socket.dll
0x00007ff8f4360000 - 0x00007ff8f438d000 	C:\WINDOWS\SYSTEM32\IPHLPAPI.DLL
0x00007ff8f4da0000 - 0x00007ff8f4e09000 	C:\WINDOWS\system32\mswsock.dll
0x00007ff8daf70000 - 0x00007ff8daf89000 	C:\Program Files\Java\jdk-17\bin\net.dll
0x00007ff8eb920000 - 0x00007ff8eba56000 	C:\WINDOWS\SYSTEM32\WINHTTP.dll
0x00007ff8dae80000 - 0x00007ff8dae96000 	C:\Program Files\Java\jdk-17\bin\nio.dll
0x00007ff8e7be0000 - 0x00007ff8e7bea000 	C:\Program Files\Java\jdk-17\bin\management.dll
0x00007ff8e7a60000 - 0x00007ff8e7a6b000 	C:\Program Files\Java\jdk-17\bin\management_ext.dll
0x00007ff8f7190000 - 0x00007ff8f7199000 	C:\WINDOWS\System32\NSI.dll
0x00007ff8eb7e0000 - 0x00007ff8eb7f9000 	C:\WINDOWS\SYSTEM32\dhcpcsvc6.DLL
0x00007ff8eadb0000 - 0x00007ff8eadcf000 	C:\WINDOWS\SYSTEM32\dhcpcsvc.DLL
0x00007ff8f4390000 - 0x00007ff8f4492000 	C:\WINDOWS\SYSTEM32\DNSAPI.dll
0x00007ff8e3080000 - 0x00007ff8e308a000 	C:\Windows\System32\rasadhlp.dll
0x00007ff8e3340000 - 0x00007ff8e33c3000 	C:\WINDOWS\System32\fwpuclnt.dll
0x00007ff8e6ef0000 - 0x00007ff8e6efe000 	C:\Program Files\Java\jdk-17\bin\sunmscapi.dll
0x00007ff8f5f40000 - 0x00007ff8f60a6000 	C:\WINDOWS\System32\CRYPT32.dll
0x00007ff8f51e0000 - 0x00007ff8f520d000 	C:\WINDOWS\SYSTEM32\ncrypt.dll
0x00007ff8f51a0000 - 0x00007ff8f51d7000 	C:\WINDOWS\SYSTEM32\NTASN1.dll
0x00007ff8f5020000 - 0x00007ff8f503b000 	C:\WINDOWS\SYSTEM32\CRYPTSP.dll
0x00007ff8f4870000 - 0x00007ff8f48a5000 	C:\WINDOWS\system32\rsaenh.dll
0x00007ff8f4ea0000 - 0x00007ff8f4ec8000 	C:\WINDOWS\SYSTEM32\USERENV.dll
0x00007ff8f5040000 - 0x00007ff8f504c000 	C:\WINDOWS\SYSTEM32\CRYPTBASE.dll
0x00007ff8ebfe0000 - 0x00007ff8ebff0000 	C:\Program Files\Java\jdk-17\bin\verify.dll
0x00007ff894530000 - 0x00007ff894538000 	C:\WINDOWS\system32\wshunix.dll

dbghelp: loaded successfully - version: 4.0.5 - missing functions: none
symbol engine: initialized successfully - sym options: 0x614 - pdb path: .;C:\Program Files\Java\jdk-17\bin;C:\WINDOWS\SYSTEM32;C:\WINDOWS\WinSxS\amd64_microsoft.windows.common-controls_6595b64144ccf1df_6.0.22621.4391_none_2715d37f73803e96;C:\Program Files\Java\jdk-17\bin\server

VM Arguments:
jvm_args: -agentlib:jdwp=transport=dt_socket,address=127.0.0.1:50271,suspend=y,server=n -javaagent:C:\Users\mohas\AppData\Local\JetBrains\IdeaIC2023.3\captureAgent\debugger-agent.jar=file:/C:/Users/mohas/AppData/Local/Temp/capture.props -Dfile.encoding=UTF-8 
java_command: com.auth_api.spring_jwt_auth.SpringJwtAuthApplication
java_class_path (initial): U:\Desktop\09_Projects\04_Java_Microservices\jwt_auth_microservices\auth_service\target\classes;C:\Users\mohas\.m2\repository\org\springframework\boot\spring-boot-starter-data-jpa\3.4.0\spring-boot-starter-data-jpa-3.4.0.jar;C:\Users\mohas\.m2\repository\org\springframework\boot\spring-boot-starter\3.4.0\spring-boot-starter-3.4.0.jar;C:\Users\mohas\.m2\repository\org\springframework\boot\spring-boot-starter-logging\3.4.0\spring-boot-starter-logging-3.4.0.jar;C:\Users\mohas\.m2\repository\ch\qos\logback\logback-classic\1.5.12\logback-classic-1.5.12.jar;C:\Users\mohas\.m2\repository\ch\qos\logback\logback-core\1.5.12\logback-core-1.5.12.jar;C:\Users\mohas\.m2\repository\org\apache\logging\log4j\log4j-to-slf4j\2.24.1\log4j-to-slf4j-2.24.1.jar;C:\Users\mohas\.m2\repository\org\apache\logging\log4j\log4j-api\2.24.1\log4j-api-2.24.1.jar;C:\Users\mohas\.m2\repository\org\slf4j\jul-to-slf4j\2.0.16\jul-to-slf4j-2.0.16.jar;C:\Users\mohas\.m2\repository\jakarta\annotation\jakarta.annotation-api\2.1.1\jakarta.annotation-api-2.1.1.jar;C:\Users\mohas\.m2\repository\org\yaml\snakeyaml\2.3\snakeyaml-2.3.jar;C:\Users\mohas\.m2\repository\org\springframework\boot\spring-boot-starter-jdbc\3.4.0\spring-boot-starter-jdbc-3.4.0.jar;C:\Users\mohas\.m2\repository\com\zaxxer\HikariCP\5.1.0\HikariCP-5.1.0.jar;C:\Users\mohas\.m2\repository\org\springframework\spring-jdbc\6.2.0\spring-jdbc-6.2.0.jar;C:\Users\mohas\.m2\repository\org\hibernate\orm\hibernate-core\6.6.2.Final\hibernate-core-6.6.2.Final.jar;C:\Users\mohas\.m2\repository\jakarta\persistence\jakarta.persistence-api\3.1.0\jakarta.persistence-api-3.1.0.jar;C:\Users\mohas\.m2\repository\jakarta\transaction\jakarta.transaction-api\2.0.1\jakarta.transaction-api-2.0.1.jar;C:\Users\mohas\.m2\repository\org\jboss\logging\jboss-logging\3.6.1.Final\jboss-logging-3.6.1.Final.jar;C:\Users\mohas\.m2\repository\org\hibernate\common\hibernate-commons-annotations\7.0.3.Final\hibernate-commons-annotations-7.0.3.Final.jar
Launcher Type: SUN_STANDARD

[Global flags]
     intx CICompilerCount                          = 4                                         {product} {ergonomic}
     uint ConcGCThreads                            = 2                                         {product} {ergonomic}
     uint G1ConcRefinementThreads                  = 8                                         {product} {ergonomic}
   size_t G1HeapRegionSize                         = 1048576                                   {product} {ergonomic}
    uintx GCDrainStackTargetSize                   = 64                                        {product} {ergonomic}
   size_t InitialHeapSize                          = 130023424                                 {product} {ergonomic}
   size_t MarkStackSize                            = 4194304                                   {product} {ergonomic}
   size_t MaxHeapSize                              = 2055208960                                {product} {ergonomic}
   size_t MaxNewSize                               = 1233125376                                {product} {ergonomic}
   size_t MinHeapDeltaBytes                        = 1048576                                   {product} {ergonomic}
   size_t MinHeapSize                              = 8388608                                   {product} {ergonomic}
    uintx NonNMethodCodeHeapSize                   = 5839372                                {pd product} {ergonomic}
    uintx NonProfiledCodeHeapSize                  = 122909434                              {pd product} {ergonomic}
    uintx ProfiledCodeHeapSize                     = 122909434                              {pd product} {ergonomic}
    uintx ReservedCodeCacheSize                    = 251658240                              {pd product} {ergonomic}
     bool SegmentedCodeCache                       = true                                      {product} {ergonomic}
   size_t SoftMaxHeapSize                          = 2055208960                             {manageable} {ergonomic}
     bool UseCompressedClassPointers               = true                           {product lp64_product} {ergonomic}
     bool UseCompressedOops                        = true                           {product lp64_product} {ergonomic}
     bool UseG1GC                                  = true                                      {product} {ergonomic}
     bool UseLargePagesIndividualAllocation        = false                                  {pd product} {ergonomic}

Logging:
Log output configuration:
 #0: stdout all=warning uptime,level,tags
 #1: stderr all=off uptime,level,tags

Environment Variables:
PATH=C:\Python312\Scripts\;C:\Python312\;C:\Program Files\Java\jdk-17\bin;C:\WINDOWS\system32;C:\WINDOWS;C:\WINDOWS\System32\Wbem;C:\WINDOWS\System32\WindowsPowerShell\v1.0\;C:\WINDOWS\System32\OpenSSH\;C:\Program Files\nodejs\;C:\Program Files\Git\cmd;C:\Program Files\MySQL\MySQL Server 8.0\bin;C:\MinGW\bin;C:\ProgramData\chocolatey\bin;C:\Program Files\Dart\bin;C:\Program Files\apache-maven-3.9.9\bin;;C:\Program Files\Docker\Docker\resources\bin;C:\Program Files\MySQL\MySQL Shell 8.0\bin\;C:\Users\mohas\AppData\Local\Microsoft\WindowsApps;;C:\Program Files\JetBrains\IntelliJ IDEA Community Edition 2023.3.1\bin;;C:\Users\mohas\AppData\Roaming\npm;C:\Users\mohas\AppData\Local\Programs\Microsoft VS Code\bin;C:\Program Files\heroku\bin
USERNAME=Mohasin
OS=Windows_NT
PROCESSOR_IDENTIFIER=Intel64 Family 6 Model 140 Stepping 1, GenuineIntel



---------------  S Y S T E M  ---------------

OS:
 Windows 11 , 64 bit Build 22621 (10.0.22621.4391)
OS uptime: 17 days 1:57 hours
Hyper-V role detected

CPU: total 8 (initial active 8) (4 cores per cpu, 2 threads per core) family 6 model 140 stepping 1 microcode 0xb4, cx8, cmov, fxsr, ht, mmx, 3dnowpref, sse, sse2, sse3, ssse3, sse4.1, sse4.2, popcnt, lzcnt, tsc, tscinvbit, avx, avx2, aes, erms, clmul, bmi1, bmi2, adx, avx512f, avx512dq, avx512cd, avx512bw, avx512vl, sha, fma, vzeroupper, avx512_vpopcntdq, avx512_vpclmulqdq, avx512_vaes, avx512_vnni, clflush, clflushopt, clwb, avx512_vbmi2, avx512_vbmi, hv

Memory: 4k page, system-wide physical 7834M (122M free)
TotalPageFile size 22834M (AvailPageFile size 5M)
current process WorkingSet (physical memory assigned to process): 276M, peak: 310M
current process commit charge ("private bytes"): 350M, peak: 377M

vm_info: Java HotSpot(TM) 64-Bit Server VM (17.0.10+11-LTS-240) for windows-amd64 JRE (17.0.10+11-LTS-240), built on Dec 19 2023 21:47:25 by "mach5one" with MS VC++ 17.1 (VS2022)

END.
